<?xml version="1.0" encoding="UTF-8"?>
<testng-results skipped="0" failed="0" ignored="0" total="3" passed="3">
  <reporter-output>
  </reporter-output>
  <suite name="Default suite" duration-ms="111" started-at="2021-09-22T17:46:11 IST" finished-at="2021-09-22T17:46:11 IST">
    <groups>
      <group name="regressiontest">
        <method signature="contactTest.createContactWithOrgTest()[pri:0, instance:com.comcast.Contact.contactTest@7113b13f]" name="createContactWithOrgTest" class="com.comcast.Contact.contactTest"/>
        <method signature="contactTest.delectContactTest()[pri:0, instance:com.comcast.Contact.contactTest@7113b13f]" name="delectContactTest" class="com.comcast.Contact.contactTest"/>
      </group> <!-- regressiontest -->
      <group name="Smoketest">
        <method signature="contactTest.createContactTest()[pri:0, instance:com.comcast.Contact.contactTest@7113b13f]" name="createContactTest" class="com.comcast.Contact.contactTest"/>
      </group> <!-- Smoketest -->
    </groups>
    <test name="Default test" duration-ms="111" started-at="2021-09-22T17:46:11 IST" finished-at="2021-09-22T17:46:11 IST">
      <class name="com.comcast.Contact.contactTest">
        <test-method status="PASS" signature="createContactTest()[pri:0, instance:com.comcast.Contact.contactTest@7113b13f]" name="createContactTest" duration-ms="18" started-at="2021-09-22T17:46:11 IST" finished-at="2021-09-22T17:46:11 IST">
          <reporter-output>
          </reporter-output>
        </test-method> <!-- createContactTest -->
        <test-method status="PASS" signature="createContactWithOrgTest()[pri:0, instance:com.comcast.Contact.contactTest@7113b13f]" name="createContactWithOrgTest" duration-ms="2" started-at="2021-09-22T17:46:11 IST" finished-at="2021-09-22T17:46:11 IST">
          <reporter-output>
          </reporter-output>
        </test-method> <!-- createContactWithOrgTest -->
        <test-method status="PASS" signature="delectContactTest()[pri:0, instance:com.comcast.Contact.contactTest@7113b13f]" name="delectContactTest" duration-ms="2" started-at="2021-09-22T17:46:11 IST" finished-at="2021-09-22T17:46:11 IST">
          <reporter-output>
          </reporter-output>
        </test-method> <!-- delectContactTest -->
      </class> <!-- com.comcast.Contact.contactTest -->
    </test> <!-- Default test -->
  </suite> <!-- Default suite -->
</testng-results>
