<?xml version="1.0" encoding="UTF-8"?>
<!-- Generated by org.testng.reporters.JUnitXMLReporter -->
<testsuite hostname="DESKTOP-8TSGNL2" ignored="0" name="Default test" tests="3" failures="0" timestamp="2021-09-22T17:46:11 IST" time="0.111" errors="0">
  <testcase name="createContactTest" time="0.018" classname="com.comcast.Contact.contactTest"/>
  <testcase name="createContactWithOrgTest" time="0.002" classname="com.comcast.Contact.contactTest"/>
  <testcase name="delectContactTest" time="0.002" classname="com.comcast.Contact.contactTest"/>
</testsuite> <!-- Default test -->
